<?xml version="1.0" encoding="UTF-8"?>
<!-- Generated by org.testng.reporters.JUnitReportReporter -->
<testsuite hostname="Rahuls-MacBook-Air.local" failures="0" tests="9" name="com.org.requests.TC006_DataDrivenTesting" time="19.572" errors="0" timestamp="22 Jul 2021 20:01:39 GMT" skipped="0">
  <testcase classname="com.org.requests.TC006_DataDrivenTesting" name="validate_Req_By_DataDriven" time="4.974"/>
  <testcase classname="com.org.requests.TC006_DataDrivenTesting" name="validate_Req_By_DataDriven" time="1.823"/>
  <testcase classname="com.org.requests.TC006_DataDrivenTesting" name="validate_Req_By_DataDriven" time="2.145"/>
  <testcase classname="com.org.requests.TC006_DataDrivenTesting" name="validate_Req_By_DataDriven" time="1.586"/>
  <testcase classname="com.org.requests.TC006_DataDrivenTesting" name="validate_Req_By_DataDriven" time="1.890"/>
  <testcase classname="com.org.requests.TC006_DataDrivenTesting" name="validate_Req_By_DataDriven" time="1.735"/>
  <testcase classname="com.org.requests.TC006_DataDrivenTesting" name="validate_Req_By_DataDriven" time="1.671"/>
  <testcase classname="com.org.requests.TC006_DataDrivenTesting" name="validate_Req_By_DataDriven" time="1.903"/>
  <testcase classname="com.org.requests.TC006_DataDrivenTesting" name="validate_Req_By_DataDriven" time="1.845"/>
</testsuite> <!-- com.org.requests.TC006_DataDrivenTesting -->
