<?xml version="1.0" encoding="UTF-8"?>
<!-- Generated by org.testng.reporters.JUnitReportReporter -->
<testsuite hostname="Rahuls-MacBook-Air.local" failures="0" tests="1" name="com.org.requests.TC002_Post_Request" time="2.693" errors="0" timestamp="12 Mar 2024 17:04:08 GMT" skipped="0">
  <testcase classname="com.org.requests.TC002_Post_Request" name="validate_Post_Request" time="2.693"/>
</testsuite> <!-- com.org.requests.TC002_Post_Request -->
