<?xml version="1.0" encoding="UTF-8"?>
<!-- Generated by org.testng.reporters.JUnitReportReporter -->
<testsuite hostname="Rahuls-MacBook-Air.local" failures="0" tests="1" name="com.org.requests.TC007_BasicAuth_Preemptive" time="3.807" errors="0" timestamp="25 Jul 2021 19:09:07 GMT" skipped="0">
  <testcase classname="com.org.requests.TC007_BasicAuth_Preemptive" name="validate_preemptive_BasicAuth" time="3.807"/>
</testsuite> <!-- com.org.requests.TC007_BasicAuth_Preemptive -->
