<?xml version="1.0" encoding="UTF-8"?>
<!-- Generated by org.testng.reporters.JUnitReportReporter -->
<testsuite hostname="Rahuls-MacBook-Air.local" failures="0" tests="1" name="com.org.requests.TC009_OAuth2" time="4.362" errors="0" timestamp="25 Jul 2021 20:42:19 GMT" skipped="0">
  <testcase classname="com.org.requests.TC009_OAuth2" name="validate_OAuth2" time="4.362"/>
</testsuite> <!-- com.org.requests.TC009_OAuth2 -->
